<?xml version="1.0" encoding="UTF-8"?>
<!-- Generated by org.testng.reporters.JUnitReportReporter -->
<testsuite skipped="0" hostname="MSI" name="selenium.webdiver.basic.gmailLogin" tests="1" failures="0" timestamp="15 Jun 2019 12:15:22 GMT" time="1.581" errors="0">
  <testcase name="f" time="1.581" classname="selenium.webdiver.basic.gmailLogin"/>
</testsuite> <!-- selenium.webdiver.basic.gmailLogin -->
