<?xml version="1.0" encoding="UTF-8"?>
<!-- Generated by org.testng.reporters.JUnitReportReporter -->
<testsuite skipped="0" hostname="MSI" name="selenium.webdiver.basic.GoibiboTransaction" tests="1" failures="0" timestamp="17 Jun 2019 12:57:37 GMT" time="16.542" errors="0">
  <testcase name="f" time="16.542" classname="selenium.webdiver.basic.GoibiboTransaction"/>
</testsuite> <!-- selenium.webdiver.basic.GoibiboTransaction -->
