<?xml version="1.0" encoding="UTF-8"?>
<!-- Generated by org.testng.reporters.JUnitReportReporter -->
<testsuite skipped="0" hostname="MSI" name="selenium.webdiver.basic.NewTest" tests="1" failures="0" timestamp="24 May 2019 14:35:21 GMT" time="0.005" errors="0">
  <testcase name="f" time="0.005" classname="selenium.webdiver.basic.NewTest"/>
</testsuite> <!-- selenium.webdiver.basic.NewTest -->
