<?xml version="1.0" encoding="UTF-8"?>
<!-- Generated by org.testng.reporters.JUnitReportReporter -->
<testsuite skipped="0" hostname="MSI" name="selenium.webdiver.basic.FacebookPost" tests="1" failures="0" timestamp="12 Jun 2019 12:23:02 GMT" time="0.003" errors="0">
  <testcase name="f" time="0.003" classname="selenium.webdiver.basic.FacebookPost"/>
</testsuite> <!-- selenium.webdiver.basic.FacebookPost -->
